<?xml version="1.0" encoding="UTF-8"?>
<!-- Generated by org.testng.reporters.JUnitXMLReporter -->
<testsuite ignored="0" hostname="DESKTOP-U2HJMCV" failures="0" tests="3" name="Default test" time="0.11" errors="0" timestamp="2021-02-22T10:09:34 GMT">
  <testcase classname="test_suites.Testcase1" name="tCase6" time="0.01"/>
  <testcase classname="test_suites.Testcase1" name="tCase7" time="0.002"/>
  <testcase classname="test_suites.Testcase1" name="tCase8" time="0.001"/>
</testsuite> <!-- Default test -->
