<?xml version="1.0" encoding="UTF-8"?>
<!-- Generated by org.testng.reporters.JUnitXMLReporter -->
<testsuite ignored="0" hostname="DESKTOP-U2HJMCV" failures="0" tests="3" name="TestCases" time="0.114" errors="0" timestamp="2021-02-22T10:03:47 GMT">
  <testcase classname="test_suites.Testcase1" name="tCase6" time="0.033"/>
  <testcase classname="test_suites.Testcase1" name="tCase7" time="0.002"/>
  <testcase classname="test_suites.Testcase1" name="tCase8" time="0.002"/>
</testsuite> <!-- TestCases -->
